This is pdfTeX, Version 3.14159265-2.6-1.40.20 (TeX Live 2019) (preloaded format=pdflatex 2019.9.23)  29 JAN 2021 17:37
entering extended mode
 restricted \write18 enabled.
 file:line:error style messages enabled.
 %&-line parsing enabled.
**direct_action_adaptive_dynamics.tex
(./direct_action_adaptive_dynamics.tex
LaTeX2e <2018-12-01>
(./llncs.cls
Document Class: llncs 2018/03/10 v2.20 
 LaTeX document class for Lecture Notes in Computer Science
(/usr/local/texlive/2019/texmf-dist/tex/latex/base/article.cls
Document Class: article 2018/09/03 v1.4i Standard LaTeX document class
(/usr/local/texlive/2019/texmf-dist/tex/latex/base/size10.clo
File: size10.clo 2018/09/03 v1.4i Standard LaTeX file (size option)
)
\c@part=\count80
\c@section=\count81
\c@subsection=\count82
\c@subsubsection=\count83
\c@paragraph=\count84
\c@subparagraph=\count85
\c@figure=\count86
\c@table=\count87
\abovecaptionskip=\skip41
\belowcaptionskip=\skip42
\bibindent=\dimen102
)
(/usr/local/texlive/2019/texmf-dist/tex/latex/tools/multicol.sty
Package: multicol 2018/12/27 v1.8v multicolumn formatting (FMi)
\c@tracingmulticols=\count88
\mult@box=\box27
\multicol@leftmargin=\dimen103
\c@unbalance=\count89
\c@collectmore=\count90
\doublecol@number=\count91
\multicoltolerance=\count92
\multicolpretolerance=\count93
\full@width=\dimen104
\page@free=\dimen105
\premulticols=\dimen106
\postmulticols=\dimen107
\multicolsep=\skip43
\multicolbaselineskip=\skip44
\partial@page=\box28
\last@line=\box29
\maxbalancingoverflow=\dimen108
\mult@rightbox=\box30
\mult@grightbox=\box31
\mult@gfirstbox=\box32
\mult@firstbox=\box33
\@tempa=\box34
\@tempa=\box35
\@tempa=\box36
\@tempa=\box37
\@tempa=\box38
\@tempa=\box39
\@tempa=\box40
\@tempa=\box41
\@tempa=\box42
\@tempa=\box43
\@tempa=\box44
\@tempa=\box45
\@tempa=\box46
\@tempa=\box47
\@tempa=\box48
\@tempa=\box49
\@tempa=\box50
\c@columnbadness=\count94
\c@finalcolumnbadness=\count95
\last@try=\dimen109
\multicolovershoot=\dimen110
\multicolundershoot=\dimen111
\mult@nat@firstbox=\box51
\colbreak@box=\box52
\mc@col@check@num=\count96
)
(/usr/local/texlive/2019/texmf-dist/tex/latex/oberdiek/aliascnt.sty
Package: aliascnt 2018/09/07 v1.5 Alias counters (HO)
)
\c@chapter=\count97
LaTeX Font Info:    Redeclaring math symbol \Gamma on input line 362.
LaTeX Font Info:    Redeclaring math symbol \Delta on input line 363.
LaTeX Font Info:    Redeclaring math symbol \Theta on input line 364.
LaTeX Font Info:    Redeclaring math symbol \Lambda on input line 365.
LaTeX Font Info:    Redeclaring math symbol \Xi on input line 366.
LaTeX Font Info:    Redeclaring math symbol \Pi on input line 367.
LaTeX Font Info:    Redeclaring math symbol \Sigma on input line 368.
LaTeX Font Info:    Redeclaring math symbol \Upsilon on input line 369.
LaTeX Font Info:    Redeclaring math symbol \Phi on input line 370.
LaTeX Font Info:    Redeclaring math symbol \Psi on input line 371.
LaTeX Font Info:    Redeclaring math symbol \Omega on input line 372.
\tocchpnum=\dimen112
\tocsecnum=\dimen113
\tocsectotal=\dimen114
\tocsubsecnum=\dimen115
\tocsubsectotal=\dimen116
\tocsubsubsecnum=\dimen117
\tocsubsubsectotal=\dimen118
\tocparanum=\dimen119
\tocparatotal=\dimen120
\tocsubparanum=\dimen121
\@tempcntc=\count98
\fnindent=\dimen122
\c@@inst=\count99
\c@@auth=\count100
\c@auco=\count101
\instindent=\dimen123
\authrun=\box53
\authorrunning=\toks14
\tocauthor=\toks15
\titrun=\box54
\titlerunning=\toks16
\toctitle=\toks17
\c@theorem=\count102
\c@case=\count103
\c@conjecture=\count104
\c@corollary=\count105
\c@definition=\count106
\c@example=\count107
\c@exercise=\count108
\c@lemma=\count109
\c@note=\count110
\c@problem=\count111
\c@property=\count112
\c@proposition=\count113
\c@question=\count114
\c@solution=\count115
\c@remark=\count116
\headlineindent=\dimen124
)
(/usr/local/texlive/2019/texmf-dist/tex/latex/graphics/graphicx.sty
Package: graphicx 2017/06/01 v1.1a Enhanced LaTeX Graphics (DPC,SPQR)

(/usr/local/texlive/2019/texmf-dist/tex/latex/graphics/keyval.sty
Package: keyval 2014/10/28 v1.15 key=value parser (DPC)
\KV@toks@=\toks18
)
(/usr/local/texlive/2019/texmf-dist/tex/latex/graphics/graphics.sty
Package: graphics 2017/06/25 v1.2c Standard LaTeX Graphics (DPC,SPQR)

(/usr/local/texlive/2019/texmf-dist/tex/latex/graphics/trig.sty
Package: trig 2016/01/03 v1.10 sin cos tan (DPC)
)
(/usr/local/texlive/2019/texmf-dist/tex/latex/graphics-cfg/graphics.cfg
File: graphics.cfg 2016/06/04 v1.11 sample graphics configuration
)
Package graphics Info: Driver file: pdftex.def on input line 99.

(/usr/local/texlive/2019/texmf-dist/tex/latex/graphics-def/pdftex.def
File: pdftex.def 2018/01/08 v1.0l Graphics/color driver for pdftex
))
\Gin@req@height=\dimen125
\Gin@req@width=\dimen126
)
(/usr/local/texlive/2019/texmf-dist/tex/latex/mathtools/mathtools.sty
Package: mathtools 2018/01/08 v1.21 mathematical typesetting tools

(/usr/local/texlive/2019/texmf-dist/tex/latex/tools/calc.sty
Package: calc 2017/05/25 v4.3 Infix arithmetic (KKT,FJ)
\calc@Acount=\count117
\calc@Bcount=\count118
\calc@Adimen=\dimen127
\calc@Bdimen=\dimen128
\calc@Askip=\skip45
\calc@Bskip=\skip46
LaTeX Info: Redefining \setlength on input line 80.
LaTeX Info: Redefining \addtolength on input line 81.
\calc@Ccount=\count119
\calc@Cskip=\skip47
)
(/usr/local/texlive/2019/texmf-dist/tex/latex/mathtools/mhsetup.sty
Package: mhsetup 2017/03/31 v1.3 programming setup (MH)
)
(/usr/local/texlive/2019/texmf-dist/tex/latex/amsmath/amsmath.sty
Package: amsmath 2018/12/01 v2.17b AMS math features
\@mathmargin=\skip48

For additional information on amsmath, use the `?' option.
(/usr/local/texlive/2019/texmf-dist/tex/latex/amsmath/amstext.sty
Package: amstext 2000/06/29 v2.01 AMS text

(/usr/local/texlive/2019/texmf-dist/tex/latex/amsmath/amsgen.sty
File: amsgen.sty 1999/11/30 v2.0 generic functions
\@emptytoks=\toks19
\ex@=\dimen129
))
(/usr/local/texlive/2019/texmf-dist/tex/latex/amsmath/amsbsy.sty
Package: amsbsy 1999/11/29 v1.2d Bold Symbols
\pmbraise@=\dimen130
)
(/usr/local/texlive/2019/texmf-dist/tex/latex/amsmath/amsopn.sty
Package: amsopn 2016/03/08 v2.02 operator names
)
\inf@bad=\count120
LaTeX Info: Redefining \frac on input line 223.
\uproot@=\count121
\leftroot@=\count122
LaTeX Info: Redefining \overline on input line 385.
\classnum@=\count123
\DOTSCASE@=\count124
LaTeX Info: Redefining \ldots on input line 482.
LaTeX Info: Redefining \dots on input line 485.
LaTeX Info: Redefining \cdots on input line 606.
\Mathstrutbox@=\box55
\strutbox@=\box56
\big@size=\dimen131
LaTeX Font Info:    Redeclaring font encoding OML on input line 729.
LaTeX Font Info:    Redeclaring font encoding OMS on input line 730.


Package amsmath Warning: Unable to redefine math accent \vec.

\macc@depth=\count125
\c@MaxMatrixCols=\count126
\dotsspace@=\muskip10
\c@parentequation=\count127
\dspbrk@lvl=\count128
\tag@help=\toks20
\row@=\count129
\column@=\count130
\maxfields@=\count131
\andhelp@=\toks21
\eqnshift@=\dimen132
\alignsep@=\dimen133
\tagshift@=\dimen134
\tagwidth@=\dimen135
\totwidth@=\dimen136
\lineht@=\dimen137
\@envbody=\toks22
\multlinegap=\skip49
\multlinetaggap=\skip50
\mathdisplay@stack=\toks23
LaTeX Info: Redefining \[ on input line 2844.
LaTeX Info: Redefining \] on input line 2845.
)
LaTeX Info: Thecontrolsequence`\('isalreadyrobust on input line 129.
LaTeX Info: Thecontrolsequence`\)'isalreadyrobust on input line 129.
LaTeX Info: Thecontrolsequence`\['isalreadyrobust on input line 129.
LaTeX Info: Thecontrolsequence`\]'isalreadyrobust on input line 129.
\g_MT_multlinerow_int=\count132
\l_MT_multwidth_dim=\dimen138
\origjot=\skip51
\l_MT_shortvdotswithinadjustabove_dim=\dimen139
\l_MT_shortvdotswithinadjustbelow_dim=\dimen140
\l_MT_above_intertext_sep=\dimen141
\l_MT_below_intertext_sep=\dimen142
\l_MT_above_shortintertext_sep=\dimen143
\l_MT_below_shortintertext_sep=\dimen144
) (/usr/local/texlive/2019/texmf-dist/tex/latex/psnfss/times.sty
Package: times 2005/04/12 PSNFSS-v9.2a (SPQR) 
)
(/usr/local/texlive/2019/texmf-dist/tex/latex/psnfss/helvet.sty
Package: helvet 2005/04/12 PSNFSS-v9.2a (WaS) 
)
(/usr/local/texlive/2019/texmf-dist/tex/latex/psnfss/courier.sty
Package: courier 2005/04/12 PSNFSS-v9.2a (WaS) 
)
(/usr/local/texlive/2019/texmf-dist/tex/latex/url/url.sty
\Urlmuskip=\muskip11
Package: url 2013/09/16  ver 3.4  Verb mode for urls, etc.
)
(/usr/local/texlive/2019/texmf-dist/tex/latex/arydshln/arydshln.sty
Package: arydshln 2019/02/21 v1.76 
\dashlinedash=\dimen145
\dashlinegap=\dimen146
\adl@box=\box57
\adl@height=\dimen147
\adl@heightsave=\dimen148
\adl@depth=\dimen149
\adl@depthsave=\dimen150
\adl@finaldepth=\dimen151
\adl@columns=\count133
\adl@ncol=\count134
\adl@currentcolumn=\count135
\adl@currentcolumnsave=\count136
\adl@totalheight=\count137
\adl@totalheightsave=\count138
\adl@dash=\count139
\adl@gap=\count140
\adl@cla=\count141
\adl@clb=\count142
\adl@everyvbox=\toks24
\adl@LTpagetotal=\dimen152
)
(/usr/local/texlive/2019/texmf-dist/tex/latex/psnfss/mathptmx.sty
Package: mathptmx 2005/04/12 PSNFSS-v9.2a Times w/ Math, improved (SPQR, WaS) 
LaTeX Font Info:    Redeclaring symbol font `operators' on input line 28.
LaTeX Font Info:    Overwriting symbol font `operators' in version `normal'
(Font)                  OT1/cmr/m/n --> OT1/ztmcm/m/n on input line 28.
LaTeX Font Info:    Overwriting symbol font `operators' in version `bold'
(Font)                  OT1/cmr/bx/n --> OT1/ztmcm/m/n on input line 28.
LaTeX Font Info:    Redeclaring symbol font `letters' on input line 29.
LaTeX Font Info:    Overwriting symbol font `letters' in version `normal'
(Font)                  OML/cmm/m/it --> OML/ztmcm/m/it on input line 29.
LaTeX Font Info:    Overwriting symbol font `letters' in version `bold'
(Font)                  OML/cmm/b/it --> OML/ztmcm/m/it on input line 29.
LaTeX Font Info:    Redeclaring symbol font `symbols' on input line 30.
LaTeX Font Info:    Overwriting symbol font `symbols' in version `normal'
(Font)                  OMS/cmsy/m/n --> OMS/ztmcm/m/n on input line 30.
LaTeX Font Info:    Overwriting symbol font `symbols' in version `bold'
(Font)                  OMS/cmsy/b/n --> OMS/ztmcm/m/n on input line 30.
LaTeX Font Info:    Redeclaring symbol font `largesymbols' on input line 31.
LaTeX Font Info:    Overwriting symbol font `largesymbols' in version `normal'
(Font)                  OMX/cmex/m/n --> OMX/ztmcm/m/n on input line 31.
LaTeX Font Info:    Overwriting symbol font `largesymbols' in version `bold'
(Font)                  OMX/cmex/m/n --> OMX/ztmcm/m/n on input line 31.
\symbold=\mathgroup4
\symitalic=\mathgroup5
LaTeX Font Info:    Redeclaring math alphabet \mathbf on input line 34.
LaTeX Font Info:    Overwriting math alphabet `\mathbf' in version `normal'
(Font)                  OT1/cmr/bx/n --> OT1/ptm/bx/n on input line 34.
LaTeX Font Info:    Overwriting math alphabet `\mathbf' in version `bold'
(Font)                  OT1/cmr/bx/n --> OT1/ptm/bx/n on input line 34.
LaTeX Font Info:    Redeclaring math alphabet \mathit on input line 35.
LaTeX Font Info:    Overwriting math alphabet `\mathit' in version `normal'
(Font)                  OT1/cmr/m/it --> OT1/ptm/m/it on input line 35.
LaTeX Font Info:    Overwriting math alphabet `\mathit' in version `bold'
(Font)                  OT1/cmr/bx/it --> OT1/ptm/m/it on input line 35.
LaTeX Info: Redefining \hbar on input line 50.
)
(/usr/local/texlive/2019/texmf-dist/tex/latex/tools/bm.sty
Package: bm 2017/01/16 v1.2c Bold Symbol Support (DPC/FMi)
LaTeX Info: Redefining \bm on input line 207.
)
(/usr/local/texlive/2019/texmf-dist/tex/generic/babel/babel.sty
Package: babel 2019/05/04 3.31 The Babel package

(/usr/local/texlive/2019/texmf-dist/tex/generic/babel/switch.def
File: switch.def 2019/05/04 3.31 Babel switching mechanism
)
(/usr/local/texlive/2019/texmf-dist/tex/generic/babel-english/english.ldf
Language: english 2017/06/06 v3.3r English support from the babel system

(/usr/local/texlive/2019/texmf-dist/tex/generic/babel/babel.def
File: babel.def 2019/05/04 3.31 Babel common definitions
\babel@savecnt=\count143
\U@D=\dimen153

(/usr/local/texlive/2019/texmf-dist/tex/generic/babel/txtbabel.def)
\bbl@dirlevel=\count144
)
\l@canadian = a dialect from \language\l@american 
\l@australian = a dialect from \language\l@british 
\l@newzealand = a dialect from \language\l@british 
))
(/usr/local/texlive/2019/texmf-dist/tex/latex/base/inputenc.sty
Package: inputenc 2018/08/11 v1.3c Input encoding file
\inpenc@prehook=\toks25
\inpenc@posthook=\toks26
)
(/usr/local/texlive/2019/texmf-dist/tex/latex/algorithms/algorithm.sty
Package: algorithm 2009/08/24 v0.1 Document Style `algorithm' - floating enviro
nment

(/usr/local/texlive/2019/texmf-dist/tex/latex/float/float.sty
Package: float 2001/11/08 v1.3d Float enhancements (AL)
\c@float@type=\count145
\float@exts=\toks27
\float@box=\box58
\@float@everytoks=\toks28
\@floatcapt=\box59
)
(/usr/local/texlive/2019/texmf-dist/tex/latex/base/ifthen.sty
Package: ifthen 2014/09/29 v1.1c Standard LaTeX ifthen package (DPC)
)
\@float@every@algorithm=\toks29
\c@algorithm=\count146
)
(/usr/local/texlive/2019/texmf-dist/tex/latex/oberdiek/epstopdf.sty
Package: epstopdf 2016/05/15 v2.6 Conversion with epstopdf on the fly (HO)

(/usr/local/texlive/2019/texmf-dist/tex/latex/oberdiek/epstopdf-base.sty
Package: epstopdf-base 2016/05/15 v2.6 Base part for package epstopdf

(/usr/local/texlive/2019/texmf-dist/tex/generic/oberdiek/infwarerr.sty
Package: infwarerr 2016/05/16 v1.4 Providing info/warning/error messages (HO)
)
(/usr/local/texlive/2019/texmf-dist/tex/latex/oberdiek/grfext.sty
Package: grfext 2016/05/16 v1.2 Manage graphics extensions (HO)

(/usr/local/texlive/2019/texmf-dist/tex/generic/oberdiek/kvdefinekeys.sty
Package: kvdefinekeys 2016/05/16 v1.4 Define keys (HO)

(/usr/local/texlive/2019/texmf-dist/tex/generic/oberdiek/ltxcmds.sty
Package: ltxcmds 2016/05/16 v1.23 LaTeX kernel commands for general use (HO)
)))
(/usr/local/texlive/2019/texmf-dist/tex/latex/oberdiek/kvoptions.sty
Package: kvoptions 2016/05/16 v3.12 Key value format for package options (HO)

(/usr/local/texlive/2019/texmf-dist/tex/generic/oberdiek/kvsetkeys.sty
Package: kvsetkeys 2016/05/16 v1.17 Key value parser (HO)

(/usr/local/texlive/2019/texmf-dist/tex/generic/oberdiek/etexcmds.sty
Package: etexcmds 2016/05/16 v1.6 Avoid name clashes with e-TeX commands (HO)

(/usr/local/texlive/2019/texmf-dist/tex/generic/oberdiek/ifluatex.sty
Package: ifluatex 2016/05/16 v1.4 Provides the ifluatex switch (HO)
Package ifluatex Info: LuaTeX not detected.
))))
(/usr/local/texlive/2019/texmf-dist/tex/generic/oberdiek/pdftexcmds.sty
Package: pdftexcmds 2018/09/10 v0.29 Utility functions of pdfTeX for LuaTeX (HO
)

(/usr/local/texlive/2019/texmf-dist/tex/generic/oberdiek/ifpdf.sty
Package: ifpdf 2018/09/07 v3.3 Provides the ifpdf switch
)
Package pdftexcmds Info: LuaTeX not detected.
Package pdftexcmds Info: \pdf@primitive is available.
Package pdftexcmds Info: \pdf@ifprimitive is available.
Package pdftexcmds Info: \pdfdraftmode found.
)
Package epstopdf-base Info: Redefining graphics rule for `.eps' on input line 4
38.
Package grfext Info: Graphics extension search list:
(grfext)             [.pdf,.png,.jpg,.mps,.jpeg,.jbig2,.jb2,.PDF,.PNG,.JPG,.JPE
G,.JBIG2,.JB2,.eps]
(grfext)             \AppendGraphicsExtensions on input line 456.

(/usr/local/texlive/2019/texmf-dist/tex/latex/latexconfig/epstopdf-sys.cfg
File: epstopdf-sys.cfg 2010/07/13 v1.3 Configuration of (r)epstopdf for TeX Liv
e
)))
(/usr/local/texlive/2019/texmf-dist/tex/latex/booktabs/booktabs.sty
Package: booktabs 2016/04/27 v1.618033 publication quality tables
\heavyrulewidth=\dimen154
\lightrulewidth=\dimen155
\cmidrulewidth=\dimen156
\belowrulesep=\dimen157
\belowbottomsep=\dimen158
\aboverulesep=\dimen159
\abovetopsep=\dimen160
\cmidrulesep=\dimen161
\cmidrulekern=\dimen162
\defaultaddspace=\dimen163
\@cmidla=\count147
\@cmidlb=\count148
\@aboverulesep=\dimen164
\@belowrulesep=\dimen165
\@thisruleclass=\count149
\@lastruleclass=\count150
\@thisrulewidth=\dimen166
)
(/usr/local/texlive/2019/texmf-dist/tex/latex/multirow/multirow.sty
Package: multirow 2019/01/01 v2.4 Span multiple rows of a table
\multirow@colwidth=\skip52
\multirow@cntb=\count151
\multirow@dima=\skip53
\bigstrutjot=\dimen167
)
(/usr/local/texlive/2019/texmf-dist/tex/latex/siunitx/siunitx.sty
(/usr/local/texlive/2019/texmf-dist/tex/latex/l3kernel/expl3.sty
Package: expl3 2019-05-07 L3 programming layer (loader) 

(/usr/local/texlive/2019/texmf-dist/tex/latex/l3kernel/expl3-code.tex
Package: expl3 2019-05-07 L3 programming layer (code)
\c_max_int=\count152
\l_tmpa_int=\count153
\l_tmpb_int=\count154
\g_tmpa_int=\count155
\g_tmpb_int=\count156
\g__kernel_prg_map_int=\count157
\c__ior_term_ior=\count158
\c_log_iow=\count159
\l_iow_line_count_int=\count160
\l__iow_line_target_int=\count161
\l__iow_one_indent_int=\count162
\l__iow_indent_int=\count163
\c_zero_dim=\dimen168
\c_max_dim=\dimen169
\l_tmpa_dim=\dimen170
\l_tmpb_dim=\dimen171
\g_tmpa_dim=\dimen172
\g_tmpb_dim=\dimen173
\c_zero_skip=\skip54
\c_max_skip=\skip55
\l_tmpa_skip=\skip56
\l_tmpb_skip=\skip57
\g_tmpa_skip=\skip58
\g_tmpb_skip=\skip59
\c_zero_muskip=\muskip12
\c_max_muskip=\muskip13
\l_tmpa_muskip=\muskip14
\l_tmpb_muskip=\muskip15
\g_tmpa_muskip=\muskip16
\g_tmpb_muskip=\muskip17
\l_keys_choice_int=\count164
\l__intarray_loop_int=\count165
\c__intarray_sp_dim=\dimen174
\g__intarray_font_int=\count166
\c__fp_leading_shift_int=\count167
\c__fp_middle_shift_int=\count168
\c__fp_trailing_shift_int=\count169
\c__fp_big_leading_shift_int=\count170
\c__fp_big_middle_shift_int=\count171
\c__fp_big_trailing_shift_int=\count172
\c__fp_Bigg_leading_shift_int=\count173
\c__fp_Bigg_middle_shift_int=\count174
\c__fp_Bigg_trailing_shift_int=\count175
\c__kernel_randint_max_int=\count176
\g__fp_array_int=\count177
\l__fp_array_loop_int=\count178
\l__sort_length_int=\count179
\l__sort_min_int=\count180
\l__sort_top_int=\count181
\l__sort_max_int=\count182
\l__sort_true_max_int=\count183
\l__sort_block_int=\count184
\l__sort_begin_int=\count185
\l__sort_end_int=\count186
\l__sort_A_int=\count187
\l__sort_B_int=\count188
\l__sort_C_int=\count189
\l__tl_analysis_normal_int=\count190
\l__tl_analysis_index_int=\count191
\l__tl_analysis_nesting_int=\count192
\l__tl_analysis_type_int=\count193
\l__regex_internal_a_int=\count194
\l__regex_internal_b_int=\count195
\l__regex_internal_c_int=\count196
\l__regex_balance_int=\count197
\l__regex_group_level_int=\count198
\l__regex_mode_int=\count199
\c__regex_cs_in_class_mode_int=\count266
\c__regex_cs_mode_int=\count267
\l__regex_catcodes_int=\count268
\l__regex_default_catcodes_int=\count269
\c__regex_catcode_D_int=\count270
\c__regex_catcode_S_int=\count271
\c__regex_catcode_L_int=\count272
\c__regex_catcode_O_int=\count273
\c__regex_catcode_A_int=\count274
\c__regex_all_catcodes_int=\count275
\l__regex_show_lines_int=\count276
\l__regex_min_state_int=\count277
\l__regex_max_state_int=\count278
\l__regex_left_state_int=\count279
\l__regex_right_state_int=\count280
\l__regex_capturing_group_int=\count281
\l__regex_min_pos_int=\count282
\l__regex_max_pos_int=\count283
\l__regex_curr_pos_int=\count284
\l__regex_start_pos_int=\count285
\l__regex_success_pos_int=\count286
\l__regex_curr_char_int=\count287
\l__regex_curr_catcode_int=\count288
\l__regex_last_char_int=\count289
\l__regex_case_changed_char_int=\count290
\l__regex_curr_state_int=\count291
\l__regex_step_int=\count292
\l__regex_min_active_int=\count293
\l__regex_max_active_int=\count294
\l__regex_replacement_csnames_int=\count295
\l__regex_match_count_int=\count296
\l__regex_min_submatch_int=\count297
\l__regex_submatch_int=\count298
\l__regex_zeroth_submatch_int=\count299
\g__regex_trace_regex_int=\count300
\c_empty_box=\box60
\l_tmpa_box=\box61
\l_tmpb_box=\box62
\g_tmpa_box=\box63
\g_tmpb_box=\box64
\l__box_top_dim=\dimen175
\l__box_bottom_dim=\dimen176
\l__box_left_dim=\dimen177
\l__box_right_dim=\dimen178
\l__box_top_new_dim=\dimen179
\l__box_bottom_new_dim=\dimen180
\l__box_left_new_dim=\dimen181
\l__box_right_new_dim=\dimen182
\l__box_internal_box=\box65
\l__coffin_internal_box=\box66
\l__coffin_internal_dim=\dimen183
\l__coffin_offset_x_dim=\dimen184
\l__coffin_offset_y_dim=\dimen185
\l__coffin_x_dim=\dimen186
\l__coffin_y_dim=\dimen187
\l__coffin_x_prime_dim=\dimen188
\l__coffin_y_prime_dim=\dimen189
\c_empty_coffin=\box67
\l__coffin_aligned_coffin=\box68
\l__coffin_aligned_internal_coffin=\box69
\l_tmpa_coffin=\box70
\l_tmpb_coffin=\box71
\g_tmpa_coffin=\box72
\g_tmpb_coffin=\box73
\l__coffin_bounding_shift_dim=\dimen190
\l__coffin_left_corner_dim=\dimen191
\l__coffin_right_corner_dim=\dimen192
\l__coffin_bottom_corner_dim=\dimen193
\l__coffin_top_corner_dim=\dimen194
\l__coffin_scaled_total_height_dim=\dimen195
\l__coffin_scaled_width_dim=\dimen196
\c__coffin_empty_coffin=\box74
\l__coffin_display_coffin=\box75
\l__coffin_display_coord_coffin=\box76
\l__coffin_display_pole_coffin=\box77
\l__coffin_display_offset_dim=\dimen197
\l__coffin_display_x_dim=\dimen198
\l__coffin_display_y_dim=\dimen199
\g__file_internal_ior=\read1
\l__seq_internal_a_int=\count301
\l__seq_internal_b_int=\count302
\c__deprecation_minus_one=\count303
)
(/usr/local/texlive/2019/texmf-dist/tex/latex/l3kernel/l3pdfmode.def
File: l3pdfmode.def 2019-04-06 v L3 Experimental driver: PDF mode
\l__driver_color_stack_int=\count304
\l__driver_pdf_tmp_box=\box78
))
(/usr/local/texlive/2019/texmf-dist/tex/latex/l3packages/xparse/xparse.sty
Package: xparse 2019-05-03 L3 Experimental document command parser
\l__xparse_current_arg_int=\count305
\g__xparse_grabber_int=\count306
\l__xparse_m_args_int=\count307
\l__xparse_v_nesting_int=\count308
)
Package: siunitx 2018/05/17 v2.7s A comprehensive (SI) units package

(/usr/local/texlive/2019/texmf-dist/tex/latex/tools/array.sty
Package: array 2018/12/30 v2.4k Tabular extension package (FMi)
\col@sep=\dimen256
\ar@mcellbox=\box79
\extrarowheight=\dimen257
\NC@list=\toks30
\extratabsurround=\skip60
\backup@length=\skip61
\ar@cellbox=\box80
)
(/usr/local/texlive/2019/texmf-dist/tex/latex/l3packages/l3keys2e/l3keys2e.sty
Package: l3keys2e 2019-05-03 LaTeX2e option processing using LaTeX3 keys
)
\l__siunitx_tmp_box=\box81
\l__siunitx_tmp_dim=\dimen258
\l__siunitx_tmp_int=\count309
\l__siunitx_number_mantissa_length_int=\count310
\l__siunitx_number_uncert_length_int=\count311
\l__siunitx_round_int=\count312
\l__siunitx_process_decimal_int=\count313
\l__siunitx_process_uncertainty_int=\count314
\l__siunitx_process_fixed_int=\count315
\l__siunitx_process_integer_min_int=\count316
\l__siunitx_process_precision_int=\count317
\l__siunitx_group_min_int=\count318
\l__siunitx_angle_marker_box=\box82
\l__siunitx_angle_unit_box=\box83
\l__siunitx_angle_marker_dim=\dimen259
\l__siunitx_angle_unit_dim=\dimen260
\l__siunitx_unit_int=\count319
\l__siunitx_unit_denominator_int=\count320
\l__siunitx_unit_numerator_int=\count321
\l__siunitx_unit_prefix_int=\count322
\l__siunitx_unit_prefix_base_int=\count323
\l__siunitx_unit_prefix_gram_int=\count324
\l__siunitx_number_product_int=\count325
\c__siunitx_one_fill_skip=\skip62
\l__siunitx_table_unit_align_skip=\skip63
\l__siunitx_table_exponent_dim=\dimen261
\l__siunitx_table_integer_dim=\dimen262
\l__siunitx_table_mantissa_dim=\dimen263
\l__siunitx_table_marker_dim=\dimen264
\l__siunitx_table_result_dim=\dimen265
\l__siunitx_table_uncert_dim=\dimen266
\l__siunitx_table_fill_pre_dim=\dimen267
\l__siunitx_table_fill_post_dim=\dimen268
\l__siunitx_table_fill_mid_dim=\dimen269
\l__siunitx_table_pre_box=\box84
\l__siunitx_table_post_box=\box85
\l__siunitx_table_mantissa_box=\box86
\l__siunitx_table_result_box=\box87
\l__siunitx_table_number_align_skip=\skip64
\l__siunitx_table_text_align_skip=\skip65
(/usr/local/texlive/2019/texmf-dist/tex/latex/translator/translator.sty
Package: translator 2018/01/04 v1.12 Easy translation of strings in LaTeX
))
(/usr/local/texlive/2019/texmf-dist/tex/latex/graphics/rotating.sty
Package: rotating 2016/08/11 v2.16d rotated objects in LaTeX
\c@r@tfl@t=\count326
\rotFPtop=\skip66
\rotFPbot=\skip67
\rot@float@box=\box88
\rot@mess@toks=\toks31
)
(/usr/local/texlive/2019/texmf-dist/tex/latex/hyperref/hyperref.sty
Package: hyperref 2018/11/30 v6.88e Hypertext links for LaTeX

(/usr/local/texlive/2019/texmf-dist/tex/generic/oberdiek/hobsub-hyperref.sty
Package: hobsub-hyperref 2016/05/16 v1.14 Bundle oberdiek, subset hyperref (HO)


(/usr/local/texlive/2019/texmf-dist/tex/generic/oberdiek/hobsub-generic.sty
Package: hobsub-generic 2016/05/16 v1.14 Bundle oberdiek, subset generic (HO)
Package: hobsub 2016/05/16 v1.14 Construct package bundles (HO)
Package hobsub Info: Skipping package `infwarerr' (already loaded).
Package hobsub Info: Skipping package `ltxcmds' (already loaded).
Package hobsub Info: Skipping package `ifluatex' (already loaded).
Package: ifvtex 2016/05/16 v1.6 Detect VTeX and its facilities (HO)
Package ifvtex Info: VTeX not detected.
Package: intcalc 2016/05/16 v1.2 Expandable calculations with integers (HO)
Package hobsub Info: Skipping package `ifpdf' (already loaded).
Package hobsub Info: Skipping package `etexcmds' (already loaded).
Package hobsub Info: Skipping package `kvsetkeys' (already loaded).
Package hobsub Info: Skipping package `kvdefinekeys' (already loaded).
Package hobsub Info: Skipping package `pdftexcmds' (already loaded).
Package: pdfescape 2016/05/16 v1.14 Implements pdfTeX's escape features (HO)
Package: bigintcalc 2016/05/16 v1.4 Expandable calculations on big integers (HO
)
Package: bitset 2016/05/16 v1.2 Handle bit-vector datatype (HO)
Package: uniquecounter 2016/05/16 v1.3 Provide unlimited unique counter (HO)
)
Package hobsub Info: Skipping package `hobsub' (already loaded).
Package: letltxmacro 2016/05/16 v1.5 Let assignment for LaTeX macros (HO)
Package: hopatch 2016/05/16 v1.3 Wrapper for package hooks (HO)
Package: xcolor-patch 2016/05/16 xcolor patch
Package: atveryend 2016/05/16 v1.9 Hooks at the very end of document (HO)
Package atveryend Info: \enddocument detected (standard20110627).
Package: atbegshi 2016/06/09 v1.18 At begin shipout hook (HO)
Package: refcount 2016/05/16 v3.5 Data extraction from label references (HO)
Package: hycolor 2016/05/16 v1.8 Color options for hyperref/bookmark (HO)
)
(/usr/local/texlive/2019/texmf-dist/tex/generic/ifxetex/ifxetex.sty
Package: ifxetex 2010/09/12 v0.6 Provides ifxetex conditional
)
(/usr/local/texlive/2019/texmf-dist/tex/latex/oberdiek/auxhook.sty
Package: auxhook 2016/05/16 v1.4 Hooks for auxiliary files (HO)
)
\@linkdim=\dimen270
\Hy@linkcounter=\count327
\Hy@pagecounter=\count328

(/usr/local/texlive/2019/texmf-dist/tex/latex/hyperref/pd1enc.def
File: pd1enc.def 2018/11/30 v6.88e Hyperref: PDFDocEncoding definition (HO)
Now handling font encoding PD1 ...
... no UTF-8 mapping file for font encoding PD1
)
\Hy@SavedSpaceFactor=\count329

(/usr/local/texlive/2019/texmf-dist/tex/latex/latexconfig/hyperref.cfg
File: hyperref.cfg 2002/06/06 v1.2 hyperref configuration of TeXLive
)
Package hyperref Info: Hyper figures OFF on input line 4519.
Package hyperref Info: Link nesting OFF on input line 4524.
Package hyperref Info: Hyper index ON on input line 4527.
Package hyperref Info: Plain pages OFF on input line 4534.
Package hyperref Info: Backreferencing OFF on input line 4539.
Package hyperref Info: Implicit mode ON; LaTeX internals redefined.
Package hyperref Info: Bookmarks ON on input line 4772.
\c@Hy@tempcnt=\count330
LaTeX Info: Redefining \url on input line 5125.
\XeTeXLinkMargin=\dimen271
\Fld@menulength=\count331
\Field@Width=\dimen272
\Fld@charsize=\dimen273
Package hyperref Info: Hyper figures OFF on input line 6380.
Package hyperref Info: Link nesting OFF on input line 6385.
Package hyperref Info: Hyper index ON on input line 6388.
Package hyperref Info: backreferencing OFF on input line 6395.
Package hyperref Info: Link coloring OFF on input line 6400.
Package hyperref Info: Link coloring with OCG OFF on input line 6405.
Package hyperref Info: PDF/A mode OFF on input line 6410.
LaTeX Info: Redefining \ref on input line 6450.
LaTeX Info: Redefining \pageref on input line 6454.
\Hy@abspage=\count332
\c@Item=\count333
\c@Hfootnote=\count334
)
Package hyperref Info: Driver (autodetected): hpdftex.

(/usr/local/texlive/2019/texmf-dist/tex/latex/hyperref/hpdftex.def
File: hpdftex.def 2018/11/30 v6.88e Hyperref driver for pdfTeX
\Fld@listcount=\count335
\c@bookmark@seq@number=\count336

(/usr/local/texlive/2019/texmf-dist/tex/latex/oberdiek/rerunfilecheck.sty
Package: rerunfilecheck 2016/05/16 v1.8 Rerun checks for auxiliary files (HO)
Package uniquecounter Info: New unique counter `rerunfilecheck' on input line 2
82.
)
\Hy@SectionHShift=\skip68
)
(/usr/local/texlive/2019/texmf-dist/tex/latex/base/fontenc.sty
Package: fontenc 2018/08/11 v2.0j Standard LaTeX package

(/usr/local/texlive/2019/texmf-dist/tex/latex/base/t1enc.def
File: t1enc.def 2018/08/11 v2.0j Standard LaTeX file
LaTeX Font Info:    Redeclaring font encoding T1 on input line 48.
))
(/usr/local/texlive/2019/texmf-dist/tex/latex/esdiff/esdiff.sty
Package: esdiff 
)
(/usr/local/texlive/2019/texmf-dist/tex/latex/algorithmicx/algpseudocode.sty
Package: algpseudocode 

(/usr/local/texlive/2019/texmf-dist/tex/latex/algorithmicx/algorithmicx.sty
Package: algorithmicx 2005/04/27 v1.2 Algorithmicx

Document Style algorithmicx 1.2 - a greatly improved `algorithmic' style
\c@ALG@line=\count337
\c@ALG@rem=\count338
\c@ALG@nested=\count339
\ALG@tlm=\skip69
\ALG@thistlm=\skip70
\c@ALG@Lnr=\count340
\c@ALG@blocknr=\count341
\c@ALG@storecount=\count342
\c@ALG@tmpcounter=\count343
\ALG@tmplength=\skip71
)
Document Style - pseudocode environments for use with the `algorithmicx' style
) (./direct_action_adaptive_dynamics.aux)
\openout1 = `direct_action_adaptive_dynamics.aux'.

LaTeX Font Info:    Checking defaults for OML/cmm/m/it on input line 45.
LaTeX Font Info:    ... okay on input line 45.
LaTeX Font Info:    Checking defaults for T1/cmr/m/n on input line 45.
LaTeX Font Info:    ... okay on input line 45.
LaTeX Font Info:    Checking defaults for OT1/cmr/m/n on input line 45.
LaTeX Font Info:    ... okay on input line 45.
LaTeX Font Info:    Checking defaults for OMS/cmsy/m/n on input line 45.
LaTeX Font Info:    ... okay on input line 45.
LaTeX Font Info:    Checking defaults for OMX/cmex/m/n on input line 45.
LaTeX Font Info:    ... okay on input line 45.
LaTeX Font Info:    Checking defaults for U/cmr/m/n on input line 45.
LaTeX Font Info:    ... okay on input line 45.
LaTeX Font Info:    Checking defaults for PD1/pdf/m/n on input line 45.
LaTeX Font Info:    ... okay on input line 45.
LaTeX Font Info:    Try loading font information for T1+ptm on input line 45.

(/usr/local/texlive/2019/texmf-dist/tex/latex/psnfss/t1ptm.fd
File: t1ptm.fd 2001/06/04 font definitions for T1/ptm.
)
(/usr/local/texlive/2019/texmf-dist/tex/context/base/mkii/supp-pdf.mkii
[Loading MPS to PDF converter (version 2006.09.02).]
\scratchcounter=\count344
\scratchdimen=\dimen274
\scratchbox=\box89
\nofMPsegments=\count345
\nofMParguments=\count346
\everyMPshowfont=\toks32
\MPscratchCnt=\count347
\MPscratchDim=\dimen275
\MPnumerator=\count348
\makeMPintoPDFobject=\count349
\everyMPtoPDFconversion=\toks33
)
Now handling font encoding TS1 ...
... processing UTF-8 mapping file for font encoding TS1
 (/usr/local/texlive/2019/texmf-dist/tex/latex/base/ts1enc.dfu
File: ts1enc.dfu 2018/10/05 v1.2f UTF-8 support for inputenc
   defining Unicode char U+00A2 (decimal 162)
   defining Unicode char U+00A3 (decimal 163)
   defining Unicode char U+00A4 (decimal 164)
   defining Unicode char U+00A5 (decimal 165)
   defining Unicode char U+00A6 (decimal 166)
   defining Unicode char U+00A7 (decimal 167)
   defining Unicode char U+00A8 (decimal 168)
   defining Unicode char U+00A9 (decimal 169)
   defining Unicode char U+00AA (decimal 170)
   defining Unicode char U+00AC (decimal 172)
   defining Unicode char U+00AE (decimal 174)
   defining Unicode char U+00AF (decimal 175)
   defining Unicode char U+00B0 (decimal 176)
   defining Unicode char U+00B1 (decimal 177)
   defining Unicode char U+00B2 (decimal 178)
   defining Unicode char U+00B3 (decimal 179)
   defining Unicode char U+00B4 (decimal 180)
   defining Unicode char U+00B5 (decimal 181)
   defining Unicode char U+00B6 (decimal 182)
   defining Unicode char U+00B7 (decimal 183)
   defining Unicode char U+00B9 (decimal 185)
   defining Unicode char U+00BA (decimal 186)
   defining Unicode char U+00BC (decimal 188)
   defining Unicode char U+00BD (decimal 189)
   defining Unicode char U+00BE (decimal 190)
   defining Unicode char U+00D7 (decimal 215)
   defining Unicode char U+00F7 (decimal 247)
   defining Unicode char U+0192 (decimal 402)
   defining Unicode char U+02C7 (decimal 711)
   defining Unicode char U+02D8 (decimal 728)
   defining Unicode char U+02DD (decimal 733)
   defining Unicode char U+0E3F (decimal 3647)
   defining Unicode char U+2016 (decimal 8214)
   defining Unicode char U+2020 (decimal 8224)
   defining Unicode char U+2021 (decimal 8225)
   defining Unicode char U+2022 (decimal 8226)
   defining Unicode char U+2030 (decimal 8240)
   defining Unicode char U+2031 (decimal 8241)
   defining Unicode char U+203B (decimal 8251)
   defining Unicode char U+203D (decimal 8253)
   defining Unicode char U+2044 (decimal 8260)
   defining Unicode char U+204E (decimal 8270)
   defining Unicode char U+2052 (decimal 8274)
   defining Unicode char U+20A1 (decimal 8353)
   defining Unicode char U+20A4 (decimal 8356)
   defining Unicode char U+20A6 (decimal 8358)
   defining Unicode char U+20A9 (decimal 8361)
   defining Unicode char U+20AB (decimal 8363)
   defining Unicode char U+20AC (decimal 8364)
   defining Unicode char U+20B1 (decimal 8369)
   defining Unicode char U+2103 (decimal 8451)
   defining Unicode char U+2116 (decimal 8470)
   defining Unicode char U+2117 (decimal 8471)
   defining Unicode char U+211E (decimal 8478)
   defining Unicode char U+2120 (decimal 8480)
   defining Unicode char U+2122 (decimal 8482)
   defining Unicode char U+2126 (decimal 8486)
   defining Unicode char U+2127 (decimal 8487)
   defining Unicode char U+212E (decimal 8494)
   defining Unicode char U+2190 (decimal 8592)
   defining Unicode char U+2191 (decimal 8593)
   defining Unicode char U+2192 (decimal 8594)
   defining Unicode char U+2193 (decimal 8595)
   defining Unicode char U+2329 (decimal 9001)
   defining Unicode char U+232A (decimal 9002)
   defining Unicode char U+2422 (decimal 9250)
   defining Unicode char U+25E6 (decimal 9702)
   defining Unicode char U+25EF (decimal 9711)
   defining Unicode char U+266A (decimal 9834)
   defining Unicode char U+FEFF (decimal 65279)
)
(/usr/local/texlive/2019/texmf-dist/tex/latex/translator/translator-basic-dicti
onary-English.dict
Dictionary: translator-basic-dictionary, Language: English 
)
(/usr/local/texlive/2019/texmf-dist/tex/latex/siunitx/siunitx-abbreviations.cfg
File: siunitx-abbreviations.cfg 2017/11/26 v2.7k siunitx: Abbreviated units
)
\AtBeginShipoutBox=\box90
Package hyperref Info: Link coloring OFF on input line 45.
 (/usr/local/texlive/2019/texmf-dist/tex/latex/hyperref/nameref.sty
Package: nameref 2016/05/21 v2.44 Cross-referencing by name of section

(/usr/local/texlive/2019/texmf-dist/tex/generic/oberdiek/gettitlestring.sty
Package: gettitlestring 2016/05/16 v1.5 Cleanup title references (HO)
)
\c@section@level=\count350
)
LaTeX Info: Redefining \ref on input line 45.
LaTeX Info: Redefining \pageref on input line 45.
LaTeX Info: Redefining \nameref on input line 45.

(./direct_action_adaptive_dynamics.out) (./direct_action_adaptive_dynamics.out)
\@outlinefile=\write3
\openout3 = `direct_action_adaptive_dynamics.out'.

LaTeX Font Info:    Try loading font information for OT1+ztmcm on input line 45
.
(/usr/local/texlive/2019/texmf-dist/tex/latex/psnfss/ot1ztmcm.fd
File: ot1ztmcm.fd 2000/01/03 Fontinst v1.801 font definitions for OT1/ztmcm.
)
LaTeX Font Info:    Try loading font information for OML+ztmcm on input line 45
.

(/usr/local/texlive/2019/texmf-dist/tex/latex/psnfss/omlztmcm.fd
File: omlztmcm.fd 2000/01/03 Fontinst v1.801 font definitions for OML/ztmcm.
)
LaTeX Font Info:    Try loading font information for OMS+ztmcm on input line 45
.

(/usr/local/texlive/2019/texmf-dist/tex/latex/psnfss/omsztmcm.fd
File: omsztmcm.fd 2000/01/03 Fontinst v1.801 font definitions for OMS/ztmcm.
)
LaTeX Font Info:    Try loading font information for OMX+ztmcm on input line 45
.

(/usr/local/texlive/2019/texmf-dist/tex/latex/psnfss/omxztmcm.fd
File: omxztmcm.fd 2000/01/03 Fontinst v1.801 font definitions for OMX/ztmcm.
)
LaTeX Font Info:    Try loading font information for OT1+ptm on input line 45.

(/usr/local/texlive/2019/texmf-dist/tex/latex/psnfss/ot1ptm.fd
File: ot1ptm.fd 2001/06/04 font definitions for OT1/ptm.
)
LaTeX Font Info:    Font shape `OT1/ptm/bx/n' in size <10> not available
(Font)              Font shape `OT1/ptm/b/n' tried instead on input line 45.
LaTeX Font Info:    Font shape `OT1/ptm/bx/n' in size <7.4> not available
(Font)              Font shape `OT1/ptm/b/n' tried instead on input line 45.
LaTeX Font Info:    Font shape `OT1/ptm/bx/n' in size <6> not available
(Font)              Font shape `OT1/ptm/b/n' tried instead on input line 45.
LaTeX Font Info:    Font shape `T1/ptm/bx/n' in size <14.4> not available
(Font)              Font shape `T1/ptm/b/n' tried instead on input line 54.


Package mathptmx Warning: There are no bold math fonts on input line 54.

LaTeX Font Info:    Font shape `T1/ptm/bx/n' in size <12> not available
(Font)              Font shape `T1/ptm/b/n' tried instead on input line 55.
LaTeX Font Info:    Font shape `T1/ptm/bx/n' in size <10> not available
(Font)              Font shape `T1/ptm/b/n' tried instead on input line 57.

Underfull \hbox (badness 10000) in paragraph at lines 66--70

 []

[1

{/usr/local/texlive/2019/texmf-var/fonts/map/pdftex/updmap/pdftex.map}]
Underfull \hbox (badness 10000) in paragraph at lines 101--102

 []

<images/inv_fit_basic.pdf, id=25, 467.7475pt x 339.26747pt>
File: images/inv_fit_basic.pdf Graphic file (type pdf)
<use images/inv_fit_basic.pdf>
Package pdftex.def Info: images/inv_fit_basic.pdf  used on input line 105.
(pdftex.def)             Requested size: 341.43306pt x 247.66318pt.
LaTeX Font Info:    Font shape `T1/ptm/bx/n' in size <9> not available
(Font)              Font shape `T1/ptm/b/n' tried instead on input line 106.
<images/pip_basic.pdf, id=26, 793.96631pt x 355.3275pt>
File: images/pip_basic.pdf Graphic file (type pdf)
<use images/pip_basic.pdf>
Package pdftex.def Info: images/pip_basic.pdf  used on input line 113.
(pdftex.def)             Requested size: 426.79134pt x 191.00648pt.

Overfull \hbox (79.6678pt too wide) in paragraph at lines 113--114
 [][] 
 []

[2] [3 <./images/inv_fit_basic.pdf> <./images/pip_basic.pdf

pdfTeX warning: /Library/TeX/texbin/pdflatex (file ./images/pip_basic.pdf): PDF
 inclusion: multiple pdfs with page group included in a single page
>]
<images/invasion_fitness_alpha.pdf, id=45, 441.65002pt x 277.035pt>
File: images/invasion_fitness_alpha.pdf Graphic file (type pdf)
<use images/invasion_fitness_alpha.pdf>
Package pdftex.def Info: images/invasion_fitness_alpha.pdf  used on input line 
160.
(pdftex.def)             Requested size: 341.43306pt x 214.17995pt.
<images/inv_fit_alpha.pdf, id=46, 789.95113pt x 253.94875pt>
File: images/inv_fit_alpha.pdf Graphic file (type pdf)
<use images/inv_fit_alpha.pdf>
Package pdftex.def Info: images/inv_fit_alpha.pdf  used on input line 166.
(pdftex.def)             Requested size: 426.79134pt x 137.2039pt.

Overfull \hbox (79.6678pt too wide) in paragraph at lines 166--167
 [][] 
 []

<images/pip_alpha.pdf, id=47, 804.00381pt x 225.84375pt>
File: images/pip_alpha.pdf Graphic file (type pdf)
<use images/pip_alpha.pdf>
Package pdftex.def Info: images/pip_alpha.pdf  used on input line 174.
(pdftex.def)             Requested size: 426.79134pt x 119.88269pt.

Overfull \hbox (79.6678pt too wide) in paragraph at lines 174--175
 [][] 
 []


Underfull \hbox (badness 10000) in paragraph at lines 182--193

 []


Underfull \hbox (badness 10000) in paragraph at lines 182--193

 []


Underfull \hbox (badness 10000) in paragraph at lines 182--193

 []


Underfull \hbox (badness 10000) in paragraph at lines 182--193

 []


Underfull \hbox (badness 10000) in paragraph at lines 182--193

 []

[4] [5 <./images/invasion_fitness_alpha.pdf> <./images/inv_fit_alpha.pdf

pdfTeX warning: /Library/TeX/texbin/pdflatex (file ./images/inv_fit_alpha.pdf):
 PDF inclusion: multiple pdfs with page group included in a single page
>] [6 <./images/pip_alpha.pdf>]
Underfull \hbox (badness 10000) in paragraph at lines 224--225

 []

<images/beta_sg.pdf, id=80, 630.35493pt x 300.12125pt>
File: images/beta_sg.pdf Graphic file (type pdf)
<use images/beta_sg.pdf>
Package pdftex.def Info: images/beta_sg.pdf  used on input line 228.
(pdftex.def)             Requested size: 341.43306pt x 162.56223pt.
<images/inv_fit_beta.pdf, id=81, 988.6937pt x 226.84752pt>
File: images/inv_fit_beta.pdf Graphic file (type pdf)
<use images/inv_fit_beta.pdf>
Package pdftex.def Info: images/inv_fit_beta.pdf  used on input line 236.
(pdftex.def)             Requested size: 426.79134pt x 97.92328pt.

Overfull \hbox (79.6678pt too wide) in paragraph at lines 236--237
 [][] 
 []


Underfull \hbox (badness 10000) in paragraph at lines 245--248

 []

[7] [8 <./images/beta_sg.pdf> <./images/inv_fit_beta.pdf

pdfTeX warning: /Library/TeX/texbin/pdflatex (file ./images/inv_fit_beta.pdf): 
PDF inclusion: multiple pdfs with page group included in a single page
>]
Overfull \hbox (67.73108pt too wide) detected at line 262
 []$[]  \OML/ztmcm/m/it/10 f[]\OT1/ztmcm/m/n/10 (\OML/ztmcm/m/it/10 y\OT1/ztmcm
/m/n/10 ) = \OML/ztmcm/m/it/10 ^^E\OT1/ztmcm/m/n/10 (\OML/ztmcm/m/it/10 y[]; y
[]\OT1/ztmcm/m/n/10 ) + (1 \OMS/ztmcm/m/n/10 ^^@ \OML/ztmcm/m/it/10 \OT1/ztmcm
/m/n/10 )\OML/ztmcm/m/it/10 ^^L[]^^E\OT1/ztmcm/m/n/10 (\OML/ztmcm/m/it/10 y[]; 
x[]\OT1/ztmcm/m/n/10 ) + (1 \OMS/ztmcm/m/n/10 ^^@ \OML/ztmcm/m/it/10 \OT1/ztmc
m/m/n/10 )(1 \OMS/ztmcm/m/n/10 ^^@ \OML/ztmcm/m/it/10 ^^L[]\OT1/ztmcm/m/n/10 )\
OML/ztmcm/m/it/10 ^^E\OT1/ztmcm/m/n/10 (\OML/ztmcm/m/it/10 y[]; x[]\OT1/ztmcm/m
/n/10 ) \OMS/ztmcm/m/n/10 ^^@ \OT1/ztmcm/m/n/10 (\OML/ztmcm/m/it/10  \OT1/ztmc
m/m/n/10 + (1 \OMS/ztmcm/m/n/10 ^^@ \OML/ztmcm/m/it/10 \OT1/ztmcm/m/n/10 )\OML
/ztmcm/m/it/10 ^^L[]\OT1/ztmcm/m/n/10 )\OML/ztmcm/m/it/10 ^^E\OT1/ztmcm/m/n/10 
(\OML/ztmcm/m/it/10 x[]; x[]\OT1/ztmcm/m/n/10 )$ 
 []


Overfull \hbox (55.00981pt too wide) detected at line 265
 []$[]  \OML/ztmcm/m/it/10 f[]\OT1/ztmcm/m/n/10 (\OML/ztmcm/m/it/10 y\OT1/ztmcm
/m/n/10 ) = \OML/ztmcm/m/it/10 \OT1/ztmcm/m/n/10 (\OML/ztmcm/m/it/10 R \OMS/zt
mcm/m/n/10 ^^@ \OML/ztmcm/m/it/10 S \OMS/ztmcm/m/n/10 ^^@ \OML/ztmcm/m/it/10 T 
\OT1/ztmcm/m/n/10 + \OML/ztmcm/m/it/10 P\OT1/ztmcm/m/n/10 )\OML/ztmcm/m/it/10 y
[] \OT1/ztmcm/m/n/10 + (\OML/ztmcm/m/it/10 \OT1/ztmcm/m/n/10 (\OML/ztmcm/m/it/
10 R \OMS/ztmcm/m/n/10 ^^@ \OML/ztmcm/m/it/10 S \OMS/ztmcm/m/n/10 ^^@ \OML/ztmc
m/m/it/10 T \OT1/ztmcm/m/n/10 + \OML/ztmcm/m/it/10 P\OT1/ztmcm/m/n/10 ) + (1 \O
MS/ztmcm/m/n/10 ^^@ \OML/ztmcm/m/it/10 \OT1/ztmcm/m/n/10 )\OML/ztmcm/m/it/10 ^
^L[]\OT1/ztmcm/m/n/10 (\OML/ztmcm/m/it/10 S \OMS/ztmcm/m/n/10 ^^@ \OML/ztmcm/m/
it/10 P\OT1/ztmcm/m/n/10 ))\OML/ztmcm/m/it/10 y[] \OT1/ztmcm/m/n/10 + (1 \OMS/z
tmcm/m/n/10 ^^@ \OML/ztmcm/m/it/10 \OT1/ztmcm/m/n/10 )(1 \OMS/ztmcm/m/n/10 ^^@
 \OML/ztmcm/m/it/10 ^^L\OT1/ztmcm/m/n/10 )(\OML/ztmcm/m/it/10 S \OMS/ztmcm/m/n/
10 ^^@ \OML/ztmcm/m/it/10 P\OT1/ztmcm/m/n/10 )\OML/ztmcm/m/it/10 y[]$ 
 []


Overfull \hbox (11.25912pt too wide) detected at line 265
 []$[] \OMS/ztmcm/m/n/10 ^^@ \OT1/ztmcm/m/n/10 (\OML/ztmcm/m/it/10  \OT1/ztmcm
/m/n/10 + (1 \OMS/ztmcm/m/n/10 ^^@ \OML/ztmcm/m/it/10 \OT1/ztmcm/m/n/10 )\OML/
ztmcm/m/it/10 ^^L[]\OT1/ztmcm/m/n/10 )(\OML/ztmcm/m/it/10 R \OMS/ztmcm/m/n/10 ^
^@ \OML/ztmcm/m/it/10 S \OMS/ztmcm/m/n/10 ^^@ \OML/ztmcm/m/it/10 T \OT1/ztmcm/m
/n/10 + \OML/ztmcm/m/it/10 P\OT1/ztmcm/m/n/10 )\OML/ztmcm/m/it/10 x[] \OT1/ztmc
m/m/n/10 + ((1 \OMS/ztmcm/m/n/10 ^^@ \OML/ztmcm/m/it/10 \OT1/ztmcm/m/n/10 )\OM
L/ztmcm/m/it/10 ^^L[]\OT1/ztmcm/m/n/10 (\OML/ztmcm/m/it/10 T \OMS/ztmcm/m/n/10 
^^@ \OML/ztmcm/m/it/10 P\OT1/ztmcm/m/n/10 ) \OMS/ztmcm/m/n/10 ^^@ \OT1/ztmcm/m/
n/10 (\OML/ztmcm/m/it/10  \OT1/ztmcm/m/n/10 + (1 \OMS/ztmcm/m/n/10 ^^@ \OML/zt
mcm/m/it/10 \OT1/ztmcm/m/n/10 )\OML/ztmcm/m/it/10 ^^L[]\OT1/ztmcm/m/n/10 )(\OM
L/ztmcm/m/it/10 S \OT1/ztmcm/m/n/10 + \OML/ztmcm/m/it/10 t \OMS/ztmcm/m/n/10 ^^
@ \OT1/ztmcm/m/n/10 2\OML/ztmcm/m/it/10 P\OT1/ztmcm/m/n/10 ))\OML/ztmcm/m/it/10
 x[]$ 
 []


Overfull \hbox (40.80978pt too wide) detected at line 265
 []$[] \OMS/ztmcm/m/n/10 ^^@ \OT1/ztmcm/m/n/10 (1 \OMS/ztmcm/m/n/10 ^^@ \OML/zt
mcm/m/it/10 \OT1/ztmcm/m/n/10 )(1 \OMS/ztmcm/m/n/10 ^^@ \OML/ztmcm/m/it/10 ^^L
[]\OT1/ztmcm/m/n/10 )(\OML/ztmcm/m/it/10 R \OMS/ztmcm/m/n/10 ^^@ \OML/ztmcm/m/i
t/10 S \OMS/ztmcm/m/n/10 ^^@ \OML/ztmcm/m/it/10 T \OT1/ztmcm/m/n/10 + \OML/ztmc
m/m/it/10 P\OT1/ztmcm/m/n/10 )\OML/ztmcm/m/it/10 x[] \OT1/ztmcm/m/n/10 + ((1 \O
MS/ztmcm/m/n/10 ^^@ \OML/ztmcm/m/it/10 \OT1/ztmcm/m/n/10 )(1 \OMS/ztmcm/m/n/10
 ^^@ \OML/ztmcm/m/it/10 ^^L[]\OT1/ztmcm/m/n/10 )(\OML/ztmcm/m/it/10 T \OMS/ztmc
m/m/n/10 ^^@ \OML/ztmcm/m/it/10 P\OT1/ztmcm/m/n/10 ) \OMS/ztmcm/m/n/10 ^^@ \OT1
/ztmcm/m/n/10 (1 \OMS/ztmcm/m/n/10 ^^@ \OML/ztmcm/m/it/10 \OT1/ztmcm/m/n/10 )(
1 \OMS/ztmcm/m/n/10 ^^@ \OML/ztmcm/m/it/10 ^^L[]\OT1/ztmcm/m/n/10 )(\OML/ztmcm/
m/it/10 S \OT1/ztmcm/m/n/10 + \OML/ztmcm/m/it/10 T \OMS/ztmcm/m/n/10 ^^@ \OT1/z
tmcm/m/n/10 2\OML/ztmcm/m/it/10 P\OT1/ztmcm/m/n/10 ))\OML/ztmcm/m/it/10 x[]$ 
 []


Underfull \hbox (badness 10000) in paragraph at lines 269--271

 []


Overfull \hbox (81.44745pt too wide) detected at line 273
\OML/ztmcm/m/it/10 D\OT1/ztmcm/m/n/10 (\OML/ztmcm/m/it/10 x\OT1/ztmcm/m/n/10 ) 
= ((2\OML/ztmcm/m/it/10  \OT1/ztmcm/m/n/10 + (1 \OMS/ztmcm/m/n/10 ^^@ \OML/ztm
cm/m/it/10 \OT1/ztmcm/m/n/10 )\OML/ztmcm/m/it/10 ^^L[]\OT1/ztmcm/m/n/10 )(\OML
/ztmcm/m/it/10 R \OMS/ztmcm/m/n/10 ^^@ \OML/ztmcm/m/it/10 S \OMS/ztmcm/m/n/10 ^
^@ \OML/ztmcm/m/it/10 T \OT1/ztmcm/m/n/10 + \OML/ztmcm/m/it/10 P\OT1/ztmcm/m/n/
10 )\OML/ztmcm/m/it/10 x[] \OT1/ztmcm/m/n/10 + \OML/ztmcm/m/it/10 \OT1/ztmcm/m
/n/10 (\OML/ztmcm/m/it/10 S \OT1/ztmcm/m/n/10 + \OML/ztmcm/m/it/10 T \OMS/ztmcm
/m/n/10 ^^@ \OT1/ztmcm/m/n/10 2\OML/ztmcm/m/it/10 P\OT1/ztmcm/m/n/10 )\OML/ztmc
m/m/it/10 ; \OT1/ztmcm/m/n/10 (1 \OMS/ztmcm/m/n/10 ^^@ \OML/ztmcm/m/it/10 \OT1
/ztmcm/m/n/10 )(1 \OMS/ztmcm/m/n/10 ^^@ \OML/ztmcm/m/it/10 ^^L[]\OT1/ztmcm/m/n/
10 )((\OML/ztmcm/m/it/10 R \OMS/ztmcm/m/n/10 ^^@ \OML/ztmcm/m/it/10 S \OMS/ztmc
m/m/n/10 ^^@ \OML/ztmcm/m/it/10 T \OT1/ztmcm/m/n/10 + \OML/ztmcm/m/it/10 P\OT1/
ztmcm/m/n/10 )\OML/ztmcm/m/it/10 x[] \OT1/ztmcm/m/n/10 + (\OML/ztmcm/m/it/10 S 
\OMS/ztmcm/m/n/10 ^^@ \OML/ztmcm/m/it/10 P\OT1/ztmcm/m/n/10 )))
 []

[9]
<images/alpha_beta.pdf, id=110, 522.95375pt x 455.70247pt>
File: images/alpha_beta.pdf Graphic file (type pdf)
<use images/alpha_beta.pdf>
Package pdftex.def Info: images/alpha_beta.pdf  used on input line 291.
(pdftex.def)             Requested size: 426.79134pt x 371.91225pt.

Overfull \hbox (79.6678pt too wide) in paragraph at lines 291--292
 [][] 
 []


Underfull \hbox (badness 10000) in paragraph at lines 299--303

 []

[10 <./images/alpha_beta.pdf>]
Overfull \hbox (45.3389pt too wide) detected at line 305
\OML/ztmcm/m/it/10 ^^E\OT1/ztmcm/m/n/10 (\OML/ztmcm/m/it/10 y; x[]; ; ^^L[]; ^
^T\OT1/ztmcm/m/n/10 ) = \OML/ztmcm/m/it/10 ^^L[]\OT1/ztmcm/m/n/10 (\OML/ztmcm/m
/it/10 ^^T[]^^[ \OT1/ztmcm/m/n/10 + (1 \OMS/ztmcm/m/n/10 ^^@ \OML/ztmcm/m/it/10
 ^^T[]\OT1/ztmcm/m/n/10 )\OML/ztmcm/m/it/10 ^^E\OT1/ztmcm/m/n/10 (\OML/ztmcm/m/
it/10 y[]; x[]; \OT1/ztmcm/m/n/10 )) + (1 \OMS/ztmcm/m/n/10 ^^@ \OML/ztmcm/m/i
t/10 ^^L[]\OT1/ztmcm/m/n/10 )(\OML/ztmcm/m/it/10 ^^T[]^^[ \OT1/ztmcm/m/n/10 + (
1 \OMS/ztmcm/m/n/10 ^^@ \OML/ztmcm/m/it/10 ^^T[]\OT1/ztmcm/m/n/10 )\OML/ztmcm/m
/it/10 ^^E\OT1/ztmcm/m/n/10 (\OML/ztmcm/m/it/10 y[]; x[]; \OT1/ztmcm/m/n/10 ))

 []


Overfull \hbox (78.97636pt too wide) detected at line 308
\OML/ztmcm/m/it/10 ^^E\OT1/ztmcm/m/n/10 (\OML/ztmcm/m/it/10 y; x[]; ; ^^L[]; ^
^T\OT1/ztmcm/m/n/10 ) = (\OML/ztmcm/m/it/10 ^^L[]^^T[] \OT1/ztmcm/m/n/10 + (1 \
OMS/ztmcm/m/n/10 ^^@ \OML/ztmcm/m/it/10 ^^L[]\OT1/ztmcm/m/n/10 )\OML/ztmcm/m/it
/10 ^^T[]\OT1/ztmcm/m/n/10 )\OML/ztmcm/m/it/10 ^^[ \OT1/ztmcm/m/n/10 + \OML/ztm
cm/m/it/10 ^^L[]\OT1/ztmcm/m/n/10 (1 \OMS/ztmcm/m/n/10 ^^@ \OML/ztmcm/m/it/10 ^
^T[]\OT1/ztmcm/m/n/10 )\OML/ztmcm/m/it/10 ^^E\OT1/ztmcm/m/n/10 (\OML/ztmcm/m/it
/10 y[]; x[]; \OT1/ztmcm/m/n/10 )) + (1 \OMS/ztmcm/m/n/10 ^^@ \OML/ztmcm/m/it/
10 ^^L[]\OT1/ztmcm/m/n/10 )(1 \OMS/ztmcm/m/n/10 ^^@ \OML/ztmcm/m/it/10 ^^T[]\OT
1/ztmcm/m/n/10 )\OML/ztmcm/m/it/10 ^^E\OT1/ztmcm/m/n/10 (\OML/ztmcm/m/it/10 y[]
; x[]; \OT1/ztmcm/m/n/10 ))
 []


Overfull \hbox (47.8849pt too wide) detected at line 317
 []$[]  \OML/ztmcm/m/it/10 f[]\OT1/ztmcm/m/n/10 (\OML/ztmcm/m/it/10 y\OT1/ztmcm
/m/n/10 ) = (\OML/ztmcm/m/it/10 ^^L[]^^T[] \OT1/ztmcm/m/n/10 + (1 \OMS/ztmcm/m/
n/10 ^^@ \OML/ztmcm/m/it/10 ^^L[]\OT1/ztmcm/m/n/10 )\OML/ztmcm/m/it/10 ^^T[]\OT
1/ztmcm/m/n/10 )\OML/ztmcm/m/it/10 ^^[ \OT1/ztmcm/m/n/10 + \OML/ztmcm/m/it/10 ^
^L[]\OT1/ztmcm/m/n/10 (1 \OMS/ztmcm/m/n/10 ^^@ \OML/ztmcm/m/it/10 ^^T[]\OT1/ztm
cm/m/n/10 )\OML/ztmcm/m/it/10 ^^E\OT1/ztmcm/m/n/10 (\OML/ztmcm/m/it/10 y[]; x[]
; \OT1/ztmcm/m/n/10 )) + (1 \OMS/ztmcm/m/n/10 ^^@ \OML/ztmcm/m/it/10 ^^L[]\OT1
/ztmcm/m/n/10 )(1 \OMS/ztmcm/m/n/10 ^^@ \OML/ztmcm/m/it/10 ^^T[]\OT1/ztmcm/m/n/
10 )\OML/ztmcm/m/it/10 ^^E\OT1/ztmcm/m/n/10 (\OML/ztmcm/m/it/10 y[]; x[]; \OT1
/ztmcm/m/n/10 ))\OMS/ztmcm/m/n/10 ^^@$ 
 []


Overfull \hbox (8.56306pt too wide) detected at line 317
 []$[]\OT1/ztmcm/m/n/10 (\OML/ztmcm/m/it/10 ^^L[]^^T[] \OT1/ztmcm/m/n/10 + (1 \
OMS/ztmcm/m/n/10 ^^@ \OML/ztmcm/m/it/10 ^^L[]\OT1/ztmcm/m/n/10 )\OML/ztmcm/m/it
/10 ^^T[]\OT1/ztmcm/m/n/10 )\OML/ztmcm/m/it/10 ^^[ \OMS/ztmcm/m/n/10 ^^@ \OML/z
tmcm/m/it/10 ^^L[]\OT1/ztmcm/m/n/10 (1 \OMS/ztmcm/m/n/10 ^^@ \OML/ztmcm/m/it/10
 ^^T[]\OT1/ztmcm/m/n/10 )\OML/ztmcm/m/it/10 ^^E\OT1/ztmcm/m/n/10 (\OML/ztmcm/m/
it/10 x[]; x[]; \OT1/ztmcm/m/n/10 )) \OMS/ztmcm/m/n/10 ^^@ \OT1/ztmcm/m/n/10 (
1 \OMS/ztmcm/m/n/10 ^^@ \OML/ztmcm/m/it/10 ^^L[]\OT1/ztmcm/m/n/10 )(1 \OMS/ztmc
m/m/n/10 ^^@ \OML/ztmcm/m/it/10 ^^T[]\OT1/ztmcm/m/n/10 )\OML/ztmcm/m/it/10 ^^E\
OT1/ztmcm/m/n/10 (\OML/ztmcm/m/it/10 x[]; x[]; \OT1/ztmcm/m/n/10 ))$ []  
 []


Overfull \hbox (72.31126pt too wide) detected at line 320
 []$[]  \OML/ztmcm/m/it/10 f[]\OT1/ztmcm/m/n/10 (\OML/ztmcm/m/it/10 y\OT1/ztmcm
/m/n/10 ) = ((2\OML/ztmcm/m/it/10 ^^L[] \OMS/ztmcm/m/n/10 ^^@ \OT1/ztmcm/m/n/10
 1)\OML/ztmcm/m/it/10 ^^T[] \OT1/ztmcm/m/n/10 + (1 \OMS/ztmcm/m/n/10 ^^@ \OT1/z
tmcm/m/n/10 2\OML/ztmcm/m/it/10 ^^L[]\OT1/ztmcm/m/n/10 )\OML/ztmcm/m/it/10 ^^T[
]\OT1/ztmcm/m/n/10 )\OML/ztmcm/m/it/10 ^^[ \OT1/ztmcm/m/n/10 + \OML/ztmcm/m/it/
10 ^^L[]\OT1/ztmcm/m/n/10 (1 \OMS/ztmcm/m/n/10 ^^@ \OML/ztmcm/m/it/10 ^^T[]\OT1
/ztmcm/m/n/10 )\OML/ztmcm/m/it/10 ^^E\OT1/ztmcm/m/n/10 (\OML/ztmcm/m/it/10 y[];
 x[]; \OT1/ztmcm/m/n/10 )) + (1 \OMS/ztmcm/m/n/10 ^^@ \OML/ztmcm/m/it/10 ^^L[]
\OT1/ztmcm/m/n/10 )(1 \OMS/ztmcm/m/n/10 ^^@ \OML/ztmcm/m/it/10 ^^T[]\OT1/ztmcm/
m/n/10 )\OML/ztmcm/m/it/10 ^^E\OT1/ztmcm/m/n/10 (\OML/ztmcm/m/it/10 y[]; x[]; 
\OT1/ztmcm/m/n/10 ))$ 
 []


Overfull \hbox (13.16603pt too wide) detected at line 323
 []$[]  \OML/ztmcm/m/it/10 f[]\OT1/ztmcm/m/n/10 (\OML/ztmcm/m/it/10 y\OT1/ztmcm
/m/n/10 ) = ((2\OML/ztmcm/m/it/10 ^^L[] \OMS/ztmcm/m/n/10 ^^@ \OT1/ztmcm/m/n/10
 1)\OML/ztmcm/m/it/10 ^^T[] \OT1/ztmcm/m/n/10 + (1 \OMS/ztmcm/m/n/10 ^^@ \OT1/z
tmcm/m/n/10 2\OML/ztmcm/m/it/10 ^^L[]\OT1/ztmcm/m/n/10 )\OML/ztmcm/m/it/10 ^^T[
]\OT1/ztmcm/m/n/10 )\OML/ztmcm/m/it/10 ^^[ \OT1/ztmcm/m/n/10 + \OML/ztmcm/m/it/
10 ^^L[]\OT1/ztmcm/m/n/10 (1 \OMS/ztmcm/m/n/10 ^^@ \OML/ztmcm/m/it/10 ^^T[]\OT1
/ztmcm/m/n/10 )(\OML/ztmcm/m/it/10 ^^E\OT1/ztmcm/m/n/10 (\OML/ztmcm/m/it/10 y[
]; y[]\OT1/ztmcm/m/n/10 ) + (1 \OMS/ztmcm/m/n/10 ^^@ \OML/ztmcm/m/it/10 \OT1/z
tmcm/m/n/10 )\OML/ztmcm/m/it/10 ^^E\OT1/ztmcm/m/n/10 (\OML/ztmcm/m/it/10 y[]; x
[]\OT1/ztmcm/m/n/10 )+$ 
 []


Overfull \hbox (85.15404pt too wide) detected at line 326
 []$[]  \OML/ztmcm/m/it/10 f[]\OT1/ztmcm/m/n/10 (\OML/ztmcm/m/it/10 y\OT1/ztmcm
/m/n/10 ) = ((2\OML/ztmcm/m/it/10 ^^L[] \OMS/ztmcm/m/n/10 ^^@ \OT1/ztmcm/m/n/10
 1)\OML/ztmcm/m/it/10 ^^T[] \OT1/ztmcm/m/n/10 + (1 \OMS/ztmcm/m/n/10 ^^@ \OT1/z
tmcm/m/n/10 2\OML/ztmcm/m/it/10 ^^L[]\OT1/ztmcm/m/n/10 )\OML/ztmcm/m/it/10 ^^T[
]\OT1/ztmcm/m/n/10 )\OML/ztmcm/m/it/10 ^^[ \OT1/ztmcm/m/n/10 + \OML/ztmcm/m/it/
10 ^^L[]\OT1/ztmcm/m/n/10 (1 \OMS/ztmcm/m/n/10 ^^@ \OML/ztmcm/m/it/10 ^^T[]\OT1
/ztmcm/m/n/10 )(\OML/ztmcm/m/it/10 \OT1/ztmcm/m/n/10 (\OML/ztmcm/m/it/10 Ry[] 
\OT1/ztmcm/m/n/10 + \OML/ztmcm/m/it/10 S\OT1/ztmcm/m/n/10 (1 \OMS/ztmcm/m/n/10 
^^@ \OML/ztmcm/m/it/10 y[]\OT1/ztmcm/m/n/10 )\OML/ztmcm/m/it/10 y[] \OT1/ztmcm/
m/n/10 + \OML/ztmcm/m/it/10 Ty[]\OT1/ztmcm/m/n/10 (1 \OMS/ztmcm/m/n/10 ^^@ \OML
/ztmcm/m/it/10 y[]\OT1/ztmcm/m/n/10 ) + \OML/ztmcm/m/it/10 P\OT1/ztmcm/m/n/10 (
1 \OMS/ztmcm/m/n/10 ^^@ \OML/ztmcm/m/it/10 y[]\OT1/ztmcm/m/n/10 )[])+$ 
 []


Overfull \hbox (101.39073pt too wide) detected at line 326
 []$[]\OT1/ztmcm/m/n/10 (1 \OMS/ztmcm/m/n/10 ^^@ \OML/ztmcm/m/it/10 \OT1/ztmcm
/m/n/10 )(\OML/ztmcm/m/it/10 Rx[]y[] \OT1/ztmcm/m/n/10 + \OML/ztmcm/m/it/10 S\O
T1/ztmcm/m/n/10 (1 \OMS/ztmcm/m/n/10 ^^@ \OML/ztmcm/m/it/10 x[]\OT1/ztmcm/m/n/1
0 )\OML/ztmcm/m/it/10 y[] \OT1/ztmcm/m/n/10 + \OML/ztmcm/m/it/10 Tx[]\OT1/ztmcm
/m/n/10 (1 \OMS/ztmcm/m/n/10 ^^@ \OML/ztmcm/m/it/10 y[]\OT1/ztmcm/m/n/10 ) + \O
ML/ztmcm/m/it/10 P\OT1/ztmcm/m/n/10 (1 \OMS/ztmcm/m/n/10 ^^@ \OML/ztmcm/m/it/10
 x[]\OT1/ztmcm/m/n/10 )(1 \OMS/ztmcm/m/n/10 ^^@ \OML/ztmcm/m/it/10 y[]\OT1/ztmc
m/m/n/10 ))) + (1 \OMS/ztmcm/m/n/10 ^^@ \OML/ztmcm/m/it/10 ^^L[]\OT1/ztmcm/m/n/
10 )(1 \OMS/ztmcm/m/n/10 ^^@ \OML/ztmcm/m/it/10 ^^T[]\OT1/ztmcm/m/n/10 )(\OML/z
tmcm/m/it/10 \OT1/ztmcm/m/n/10 (\OML/ztmcm/m/it/10 Ry[] \OT1/ztmcm/m/n/10 + \O
ML/ztmcm/m/it/10 S\OT1/ztmcm/m/n/10 (1 \OMS/ztmcm/m/n/10 ^^@ \OML/ztmcm/m/it/10
 y[]\OT1/ztmcm/m/n/10 )\OML/ztmcm/m/it/10 y[]$ 
 []


Overfull \hbox (122.15166pt too wide) detected at line 326
 []$[] \OT1/ztmcm/m/n/10 + \OML/ztmcm/m/it/10 Ty[]\OT1/ztmcm/m/n/10 (1 \OMS/ztm
cm/m/n/10 ^^@ \OML/ztmcm/m/it/10 y[]\OT1/ztmcm/m/n/10 ) + \OML/ztmcm/m/it/10 P\
OT1/ztmcm/m/n/10 (1 \OMS/ztmcm/m/n/10 ^^@ \OML/ztmcm/m/it/10 y[]\OT1/ztmcm/m/n/
10 )[]) + (1 \OMS/ztmcm/m/n/10 ^^@ \OML/ztmcm/m/it/10 \OT1/ztmcm/m/n/10 )(\OML
/ztmcm/m/it/10 Rx[]y[] \OT1/ztmcm/m/n/10 + \OML/ztmcm/m/it/10 S\OT1/ztmcm/m/n/1
0 (1 \OMS/ztmcm/m/n/10 ^^@ \OML/ztmcm/m/it/10 x[]\OT1/ztmcm/m/n/10 )\OML/ztmcm/
m/it/10 y[] \OT1/ztmcm/m/n/10 + \OML/ztmcm/m/it/10 Tx[]\OT1/ztmcm/m/n/10 (1 \OM
S/ztmcm/m/n/10 ^^@ \OML/ztmcm/m/it/10 y[]\OT1/ztmcm/m/n/10 ) + \OML/ztmcm/m/it/
10 P\OT1/ztmcm/m/n/10 (1 \OMS/ztmcm/m/n/10 ^^@ \OML/ztmcm/m/it/10 x[]\OT1/ztmcm
/m/n/10 )(1 \OMS/ztmcm/m/n/10 ^^@ \OML/ztmcm/m/it/10 y[]\OT1/ztmcm/m/n/10 )) + 
\OML/ztmcm/m/it/10 c\OT1/ztmcm/m/n/10 (\OML/ztmcm/m/it/10 x\OT1/ztmcm/m/n/10 )$
 []  
 []

[11]
Underfull \hbox (badness 10000) in paragraph at lines 331--333

 []

<images/kappa_graphs.pdf, id=131, 661.47125pt x 265.99374pt>
File: images/kappa_graphs.pdf Graphic file (type pdf)
<use images/kappa_graphs.pdf>
Package pdftex.def Info: images/kappa_graphs.pdf  used on input line 351.
(pdftex.def)             Requested size: 426.79134pt x 171.61943pt.

Overfull \hbox (79.6678pt too wide) in paragraph at lines 351--352
 [][] 
 []

[12] [13 <./images/kappa_graphs.pdf>]
Overfull \hbox (63.89775pt too wide) detected at line 402
 []$[] \OMS/ztmcm/m/n/10 ^^@ \OT1/ztmcm/m/n/10 (\OML/ztmcm/m/it/10 T\OT1/ztmcm/
m/n/10 (1 \OMS/ztmcm/m/n/10 ^^@ \OML/ztmcm/m/it/10 ^^N\OT1/ztmcm/m/n/10 ) + \OM
L/ztmcm/m/it/10 P^^N\OT1/ztmcm/m/n/10 ) + \OML/ztmcm/m/it/10 P\OT1/ztmcm/m/n/10
 ) + (1 \OMS/ztmcm/m/n/10 ^^@ \OML/ztmcm/m/it/10 \OT1/ztmcm/m/n/10 )\OML/ztmcm
/m/it/10 ^^L[]\OT1/ztmcm/m/n/10 ((\OML/ztmcm/m/it/10 S\OT1/ztmcm/m/n/10 (1 \OMS
/ztmcm/m/n/10 ^^@ \OML/ztmcm/m/it/10 ^^N\OT1/ztmcm/m/n/10 ) + \OML/ztmcm/m/it/1
0 P^^N\OT1/ztmcm/m/n/10 ) \OMS/ztmcm/m/n/10 ^^@ \OML/ztmcm/m/it/10 P\OT1/ztmcm/
m/n/10 ))\OML/ztmcm/m/it/10 y[] \OT1/ztmcm/m/n/10 + (1 \OMS/ztmcm/m/n/10 ^^@ \O
ML/ztmcm/m/it/10 \OT1/ztmcm/m/n/10 )(1 \OMS/ztmcm/m/n/10 ^^@ \OML/ztmcm/m/it/1
0 ^^L\OT1/ztmcm/m/n/10 )((\OML/ztmcm/m/it/10 S\OT1/ztmcm/m/n/10 (1 \OMS/ztmcm/m
/n/10 ^^@ \OML/ztmcm/m/it/10 ^^N\OT1/ztmcm/m/n/10 ) + \OML/ztmcm/m/it/10 P^^N\O
T1/ztmcm/m/n/10 ) \OMS/ztmcm/m/n/10 ^^@ \OML/ztmcm/m/it/10 P\OT1/ztmcm/m/n/10 )
\OML/ztmcm/m/it/10 y[]$ 
 []


Overfull \hbox (22.154pt too wide) detected at line 402
 []$[] \OMS/ztmcm/m/n/10 ^^@ \OT1/ztmcm/m/n/10 (\OML/ztmcm/m/it/10  \OT1/ztmcm
/m/n/10 + (1 \OMS/ztmcm/m/n/10 ^^@ \OML/ztmcm/m/it/10 \OT1/ztmcm/m/n/10 )\OML/
ztmcm/m/it/10 ^^L[]\OT1/ztmcm/m/n/10 )(\OML/ztmcm/m/it/10 R \OMS/ztmcm/m/n/10 ^
^@ \OT1/ztmcm/m/n/10 (\OML/ztmcm/m/it/10 S\OT1/ztmcm/m/n/10 (1 \OMS/ztmcm/m/n/1
0 ^^@ \OML/ztmcm/m/it/10 ^^N\OT1/ztmcm/m/n/10 ) + \OML/ztmcm/m/it/10 P^^N\OT1/z
tmcm/m/n/10 ) \OMS/ztmcm/m/n/10 ^^@ \OT1/ztmcm/m/n/10 (\OML/ztmcm/m/it/10 T\OT1
/ztmcm/m/n/10 (1 \OMS/ztmcm/m/n/10 ^^@ \OML/ztmcm/m/it/10 ^^N\OT1/ztmcm/m/n/10 
) + \OML/ztmcm/m/it/10 P^^N\OT1/ztmcm/m/n/10 ) + \OML/ztmcm/m/it/10 P\OT1/ztmcm
/m/n/10 )\OML/ztmcm/m/it/10 x[] \OT1/ztmcm/m/n/10 + ((1 \OMS/ztmcm/m/n/10 ^^@ \
OML/ztmcm/m/it/10 \OT1/ztmcm/m/n/10 )\OML/ztmcm/m/it/10 ^^L[]\OT1/ztmcm/m/n/10
 (\OML/ztmcm/m/it/10 T \OMS/ztmcm/m/n/10 ^^@ \OML/ztmcm/m/it/10 P\OT1/ztmcm/m/n
/10 ) \OMS/ztmcm/m/n/10 ^^@ \OT1/ztmcm/m/n/10 (\OML/ztmcm/m/it/10 \OT1/ztmcm/m
/n/10 +$ 
 []


Overfull \hbox (74.68526pt too wide) detected at line 402
 []$[]\OT1/ztmcm/m/n/10 (1 \OMS/ztmcm/m/n/10 ^^@ \OML/ztmcm/m/it/10 \OT1/ztmcm
/m/n/10 )\OML/ztmcm/m/it/10 ^^L[]\OT1/ztmcm/m/n/10 )((\OML/ztmcm/m/it/10 S\OT1/
ztmcm/m/n/10 (1 \OMS/ztmcm/m/n/10 ^^@ \OML/ztmcm/m/it/10 ^^N\OT1/ztmcm/m/n/10 )
 + \OML/ztmcm/m/it/10 P^^N\OT1/ztmcm/m/n/10 ) + \OML/ztmcm/m/it/10 t \OMS/ztmcm
/m/n/10 ^^@ \OT1/ztmcm/m/n/10 2\OML/ztmcm/m/it/10 P\OT1/ztmcm/m/n/10 ))\OML/ztm
cm/m/it/10 x[] \OMS/ztmcm/m/n/10 ^^@ \OT1/ztmcm/m/n/10 (1 \OMS/ztmcm/m/n/10 ^^@
 \OML/ztmcm/m/it/10 \OT1/ztmcm/m/n/10 )(1 \OMS/ztmcm/m/n/10 ^^@ \OML/ztmcm/m/i
t/10 ^^L[]\OT1/ztmcm/m/n/10 )(\OML/ztmcm/m/it/10 R \OMS/ztmcm/m/n/10 ^^@ \OT1/z
tmcm/m/n/10 (\OML/ztmcm/m/it/10 S\OT1/ztmcm/m/n/10 (1 \OMS/ztmcm/m/n/10 ^^@ \OM
L/ztmcm/m/it/10 ^^N\OT1/ztmcm/m/n/10 ) + \OML/ztmcm/m/it/10 P^^N\OT1/ztmcm/m/n/
10 ) \OMS/ztmcm/m/n/10 ^^@ \OT1/ztmcm/m/n/10 (\OML/ztmcm/m/it/10 T\OT1/ztmcm/m/
n/10 (1 \OMS/ztmcm/m/n/10 ^^@ \OML/ztmcm/m/it/10 ^^N\OT1/ztmcm/m/n/10 ) + \OML/
ztmcm/m/it/10 P^^N\OT1/ztmcm/m/n/10 ) + \OML/ztmcm/m/it/10 P\OT1/ztmcm/m/n/10 )
\OML/ztmcm/m/it/10 x[]$ 
 []


Overfull \hbox (91.66013pt too wide) detected at line 402
 []$[] \OT1/ztmcm/m/n/10 + ((1 \OMS/ztmcm/m/n/10 ^^@ \OML/ztmcm/m/it/10 \OT1/z
tmcm/m/n/10 )(1 \OMS/ztmcm/m/n/10 ^^@ \OML/ztmcm/m/it/10 ^^L[]\OT1/ztmcm/m/n/10
 )(\OML/ztmcm/m/it/10 T \OMS/ztmcm/m/n/10 ^^@ \OML/ztmcm/m/it/10 P\OT1/ztmcm/m/
n/10 ) \OMS/ztmcm/m/n/10 ^^@ \OT1/ztmcm/m/n/10 (1 \OMS/ztmcm/m/n/10 ^^@ \OML/zt
mcm/m/it/10 \OT1/ztmcm/m/n/10 )(1 \OMS/ztmcm/m/n/10 ^^@ \OML/ztmcm/m/it/10 ^^L
[]\OT1/ztmcm/m/n/10 )((\OML/ztmcm/m/it/10 S\OT1/ztmcm/m/n/10 (1 \OMS/ztmcm/m/n/
10 ^^@ \OML/ztmcm/m/it/10 ^^N\OT1/ztmcm/m/n/10 ) + \OML/ztmcm/m/it/10 P^^N\OT1/
ztmcm/m/n/10 ) + \OML/ztmcm/m/it/10 T \OMS/ztmcm/m/n/10 ^^@ \OT1/ztmcm/m/n/10 2
\OML/ztmcm/m/it/10 P\OT1/ztmcm/m/n/10 ))\OML/ztmcm/m/it/10 x[] \OT1/ztmcm/m/n/1
0 + (1 \OMS/ztmcm/m/n/10 ^^@ \OML/ztmcm/m/it/10 \OT1/ztmcm/m/n/10 )\OML/ztmcm/
m/it/10 ^^L[]\OT1/ztmcm/m/n/10 (\OML/ztmcm/m/it/10 R \OMS/ztmcm/m/n/10 ^^@ \OT1
/ztmcm/m/n/10 (\OML/ztmcm/m/it/10 S\OT1/ztmcm/m/n/10 (1 \OMS/ztmcm/m/n/10 ^^@ \
OML/ztmcm/m/it/10 ^^N\OT1/ztmcm/m/n/10 ) + \OML/ztmcm/m/it/10 P^^N\OT1/ztmcm/m/
n/10 )\OMS/ztmcm/m/n/10 ^^@$ 
 []


Overfull \hbox (88.8103pt too wide) detected at line 402
 []$[]\OT1/ztmcm/m/n/10 (\OML/ztmcm/m/it/10 T\OT1/ztmcm/m/n/10 (1 \OMS/ztmcm/m/
n/10 ^^@ \OML/ztmcm/m/it/10 ^^N\OT1/ztmcm/m/n/10 ) + \OML/ztmcm/m/it/10 P^^N\OT
1/ztmcm/m/n/10 ) + \OML/ztmcm/m/it/10 P\OT1/ztmcm/m/n/10 )\OML/ztmcm/m/it/10 x[
]y[] \OT1/ztmcm/m/n/10 + (1 \OMS/ztmcm/m/n/10 ^^@ \OML/ztmcm/m/it/10 \OT1/ztmc
m/m/n/10 )(1 \OMS/ztmcm/m/n/10 ^^@ \OML/ztmcm/m/it/10 ^^L[]\OT1/ztmcm/m/n/10 )(
\OML/ztmcm/m/it/10 R \OMS/ztmcm/m/n/10 ^^@ \OT1/ztmcm/m/n/10 (\OML/ztmcm/m/it/1
0 S\OT1/ztmcm/m/n/10 (1 \OMS/ztmcm/m/n/10 ^^@ \OML/ztmcm/m/it/10 ^^N\OT1/ztmcm/
m/n/10 ) + \OML/ztmcm/m/it/10 P^^N\OT1/ztmcm/m/n/10 ) \OMS/ztmcm/m/n/10 ^^@ \OT
1/ztmcm/m/n/10 (\OML/ztmcm/m/it/10 T\OT1/ztmcm/m/n/10 (1 \OMS/ztmcm/m/n/10 ^^@ 
\OML/ztmcm/m/it/10 ^^N\OT1/ztmcm/m/n/10 ) + \OML/ztmcm/m/it/10 P^^N\OT1/ztmcm/m
/n/10 ) + \OML/ztmcm/m/it/10 P\OT1/ztmcm/m/n/10 )\OML/ztmcm/m/it/10 x[]y[] \OT1
/ztmcm/m/n/10 + (1 \OMS/ztmcm/m/n/10 ^^@ \OML/ztmcm/m/it/10 \OT1/ztmcm/m/n/10 
)\OML/ztmcm/m/it/10 P$ []  
 []


Underfull \hbox (badness 10000) in paragraph at lines 406--408

 []


Overfull \hbox (93.05847pt too wide) detected at line 410
 []$[]  \OML/ztmcm/m/it/10 D\OT1/ztmcm/m/n/10 (\OML/ztmcm/m/it/10 x\OT1/ztmcm/m
/n/10 ) = ((2\OML/ztmcm/m/it/10  \OT1/ztmcm/m/n/10 + (1 \OMS/ztmcm/m/n/10 ^^@ 
\OML/ztmcm/m/it/10 \OT1/ztmcm/m/n/10 )\OML/ztmcm/m/it/10 ^^L[]\OT1/ztmcm/m/n/1
0 )(\OML/ztmcm/m/it/10 R \OMS/ztmcm/m/n/10 ^^@ \OT1/ztmcm/m/n/10 (\OML/ztmcm/m/
it/10 S\OT1/ztmcm/m/n/10 (1 \OMS/ztmcm/m/n/10 ^^@ \OML/ztmcm/m/it/10 ^^N\OT1/zt
mcm/m/n/10 ) + \OML/ztmcm/m/it/10 P^^N\OT1/ztmcm/m/n/10 ) \OMS/ztmcm/m/n/10 ^^@
 \OT1/ztmcm/m/n/10 ((\OML/ztmcm/m/it/10 T\OT1/ztmcm/m/n/10 (1 \OMS/ztmcm/m/n/10
 ^^@ \OML/ztmcm/m/it/10 ^^N\OT1/ztmcm/m/n/10 ) + \OML/ztmcm/m/it/10 P^^N\OT1/zt
mcm/m/n/10 )(1 \OMS/ztmcm/m/n/10 ^^@ \OML/ztmcm/m/it/10 ^^N\OT1/ztmcm/m/n/10 ) 
+ \OML/ztmcm/m/it/10 P^^N\OT1/ztmcm/m/n/10 ) + \OML/ztmcm/m/it/10 P\OT1/ztmcm/m
/n/10 )\OML/ztmcm/m/it/10 x[] \OT1/ztmcm/m/n/10 + \OML/ztmcm/m/it/10 \OT1/ztmc
m/m/n/10 ((\OML/ztmcm/m/it/10 S\OT1/ztmcm/m/n/10 (1 \OMS/ztmcm/m/n/10 ^^@ \OML/
ztmcm/m/it/10 ^^N\OT1/ztmcm/m/n/10 ) + \OML/ztmcm/m/it/10 P^^N\OT1/ztmcm/m/n/10
 )$ 
 []


Overfull \hbox (68.42151pt too wide) detected at line 410
 []$[] \OT1/ztmcm/m/n/10 + (\OML/ztmcm/m/it/10 T\OT1/ztmcm/m/n/10 (1 \OMS/ztmcm
/m/n/10 ^^@ \OML/ztmcm/m/it/10 ^^N\OT1/ztmcm/m/n/10 ) + \OML/ztmcm/m/it/10 P^^N
\OT1/ztmcm/m/n/10 ) \OMS/ztmcm/m/n/10 ^^@ \OT1/ztmcm/m/n/10 2\OML/ztmcm/m/it/10
 P\OT1/ztmcm/m/n/10 )\OML/ztmcm/m/it/10 ; \OT1/ztmcm/m/n/10 (1 \OMS/ztmcm/m/n/1
0 ^^@ \OML/ztmcm/m/it/10 \OT1/ztmcm/m/n/10 )(1 \OMS/ztmcm/m/n/10 ^^@ \OML/ztmc
m/m/it/10 ^^L[]\OT1/ztmcm/m/n/10 )((\OML/ztmcm/m/it/10 R \OMS/ztmcm/m/n/10 ^^@ 
\OT1/ztmcm/m/n/10 (\OML/ztmcm/m/it/10 S\OT1/ztmcm/m/n/10 (1 \OMS/ztmcm/m/n/10 ^
^@ \OML/ztmcm/m/it/10 ^^N\OT1/ztmcm/m/n/10 ) + \OML/ztmcm/m/it/10 P^^N\OT1/ztmc
m/m/n/10 ) \OMS/ztmcm/m/n/10 ^^@ \OT1/ztmcm/m/n/10 ((\OML/ztmcm/m/it/10 T\OT1/z
tmcm/m/n/10 (1 \OMS/ztmcm/m/n/10 ^^@ \OML/ztmcm/m/it/10 ^^N\OT1/ztmcm/m/n/10 ) 
+ \OML/ztmcm/m/it/10 P^^N\OT1/ztmcm/m/n/10 )(1 \OMS/ztmcm/m/n/10 ^^@ \OML/ztmcm
/m/it/10 ^^N\OT1/ztmcm/m/n/10 ) + \OML/ztmcm/m/it/10 P^^N\OT1/ztmcm/m/n/10 ) + 
\OML/ztmcm/m/it/10 P\OT1/ztmcm/m/n/10 )\OML/ztmcm/m/it/10 x[]$ 
 []

Package atveryend Info: Empty hook `BeforeClearDocument' on input line 420.
[14]
Package atveryend Info: Empty hook `AfterLastShipout' on input line 420.
 (./direct_action_adaptive_dynamics.aux)
Package atveryend Info: Executing hook `AtVeryEndDocument' on input line 420.
Package atveryend Info: Executing hook `AtEndAfterFileList' on input line 420.
Package rerunfilecheck Info: File `direct_action_adaptive_dynamics.out' has not
 changed.
(rerunfilecheck)             Checksum: ED71FC66B40472FE00329D1231D88F63;93.
Package atveryend Info: Empty hook `AtVeryVeryEnd' on input line 420.
 ) 
Here is how much of TeX's memory you used:
 20580 strings out of 492616
 381508 string characters out of 6129481
 447667 words of memory out of 5000000
 24206 multiletter control sequences out of 15000+600000
 569132 words of font info for 77 fonts, out of 8000000 for 9000
 1141 hyphenation exceptions out of 8191
 42i,9n,63p,1089b,758s stack positions out of 5000i,500n,10000p,200000b,80000s
{/usr/local/texlive/2019/texmf-dist/fonts/enc/dvips/base/8r.enc}</usr/local/t
exlive/2019/texmf-dist/fonts/type1/public/amsfonts/cm/cmex10.pfb></usr/local/te
xlive/2019/texmf-dist/fonts/type1/public/amsfonts/cm/cmmi10.pfb></usr/local/tex
live/2019/texmf-dist/fonts/type1/public/amsfonts/cm/cmr10.pfb></usr/local/texli
ve/2019/texmf-dist/fonts/type1/public/amsfonts/cm/cmsy10.pfb></usr/local/texliv
e/2019/texmf-dist/fonts/type1/urw/symbol/usyr.pfb></usr/local/texlive/2019/texm
f-dist/fonts/type1/urw/symbol/usyr.pfb></usr/local/texlive/2019/texmf-dist/font
s/type1/urw/times/utmb8a.pfb></usr/local/texlive/2019/texmf-dist/fonts/type1/ur
w/times/utmr8a.pfb></usr/local/texlive/2019/texmf-dist/fonts/type1/urw/times/ut
mri8a.pfb>
Output written on direct_action_adaptive_dynamics.pdf (14 pages, 2714034 bytes)
.
PDF statistics:
 206 PDF objects out of 1000 (max. 8388607)
 161 compressed objects within 2 object streams
 57 named destinations out of 1000 (max. 500000)
 54 words of extra memory for PDF output out of 10000 (max. 10000000)

